{"contracts\\DragonManager.sol":{"l":{"20":12,"21":10,"25":9,"26":7,"30":11,"31":9,"35":10,"39":10,"40":10,"41":10,"43":10,"44":10,"45":10,"49":1,"50":1,"51":1,"52":1,"53":1,"54":0,"57":0,"62":3,"63":3,"67":7,"68":7,"69":5,"70":5,"74":10,"75":10},"path":"E:\\Philipp\\Documents\\Contracts\\DragonsAndGems\\contracts\\DragonManager.sol","s":{"1":12,"2":9,"3":11,"4":10,"5":10,"6":10,"7":10,"8":10,"9":10,"10":1,"11":1,"12":1,"13":1,"14":1,"15":0,"16":3,"17":3,"18":7,"19":7,"20":5,"21":10,"22":10},"b":{"1":[10,2],"2":[7,2],"3":[9,2],"4":[10,0],"5":[1,0],"6":[5,2]},"f":{"1":12,"2":9,"3":11,"4":10,"5":10,"6":1,"7":3,"8":7,"9":10},"fnMap":{"1":{"name":"_readyToCreate","line":19,"loc":{"start":{"line":19,"column":4},"end":{"line":22,"column":4}}},"2":{"name":"_readyToGrow","line":24,"loc":{"start":{"line":24,"column":4},"end":{"line":27,"column":4}}},"3":{"name":"_ownerOfDragon","line":29,"loc":{"start":{"line":29,"column":4},"end":{"line":32,"column":4}}},"4":{"name":"_triggerCooldown","line":34,"loc":{"start":{"line":34,"column":4},"end":{"line":36,"column":4}}},"5":{"name":"_createDragon","line":38,"loc":{"start":{"line":38,"column":4},"end":{"line":46,"column":4}}},"6":{"name":"ShowOwnerDragons","line":48,"loc":{"start":{"line":48,"column":4},"end":{"line":58,"column":4}}},"7":{"name":"ShowDragon","line":60,"loc":{"start":{"line":60,"column":4},"end":{"line":64,"column":4}}},"8":{"name":"GetNextStage","line":66,"loc":{"start":{"line":66,"column":4},"end":{"line":71,"column":4}}},"9":{"name":"CreateGreenWelschDragon","line":73,"loc":{"start":{"line":73,"column":4},"end":{"line":76,"column":4}}}},"statementMap":{"1":{"start":{"line":20,"column":8},"end":{"line":20,"column":52}},"2":{"start":{"line":25,"column":8},"end":{"line":25,"column":53}},"3":{"start":{"line":30,"column":8},"end":{"line":30,"column":44}},"4":{"start":{"line":35,"column":8},"end":{"line":35,"column":59}},"5":{"start":{"line":39,"column":8},"end":{"line":39,"column":18}},"6":{"start":{"line":40,"column":8},"end":{"line":40,"column":1073}},"7":{"start":{"line":41,"column":11},"end":{"line":41,"column":76}},"8":{"start":{"line":43,"column":8},"end":{"line":43,"column":30}},"9":{"start":{"line":44,"column":8},"end":{"line":44,"column":33}},"10":{"start":{"line":49,"column":8},"end":{"line":49,"column":37}},"11":{"start":{"line":50,"column":8},"end":{"line":50,"column":25}},"12":{"start":{"line":51,"column":8},"end":{"line":51,"column":1470}},"13":{"start":{"line":52,"column":12},"end":{"line":52,"column":1531}},"14":{"start":{"line":53,"column":16},"end":{"line":53,"column":38}},"15":{"start":{"line":57,"column":8},"end":{"line":57,"column":27}},"16":{"start":{"line":62,"column":8},"end":{"line":62,"column":43}},"17":{"start":{"line":63,"column":8},"end":{"line":63,"column":107}},"18":{"start":{"line":67,"column":8},"end":{"line":67,"column":44}},"19":{"start":{"line":68,"column":8},"end":{"line":68,"column":32}},"20":{"start":{"line":70,"column":8},"end":{"line":70,"column":46}},"21":{"start":{"line":74,"column":8},"end":{"line":74,"column":30}},"22":{"start":{"line":75,"column":8},"end":{"line":75,"column":25}}},"branchMap":{"1":{"line":20,"type":"if","locations":[{"start":{"line":20,"column":8},"end":{"line":20,"column":8}},{"start":{"line":20,"column":8},"end":{"line":20,"column":8}}]},"2":{"line":25,"type":"if","locations":[{"start":{"line":25,"column":8},"end":{"line":25,"column":8}},{"start":{"line":25,"column":8},"end":{"line":25,"column":8}}]},"3":{"line":30,"type":"if","locations":[{"start":{"line":30,"column":8},"end":{"line":30,"column":8}},{"start":{"line":30,"column":8},"end":{"line":30,"column":8}}]},"4":{"line":40,"type":"if","locations":[{"start":{"line":40,"column":8},"end":{"line":40,"column":8}},{"start":{"line":40,"column":8},"end":{"line":40,"column":8}}]},"5":{"line":52,"type":"if","locations":[{"start":{"line":52,"column":12},"end":{"line":52,"column":12}},{"start":{"line":52,"column":12},"end":{"line":52,"column":12}}]},"6":{"line":68,"type":"if","locations":[{"start":{"line":68,"column":8},"end":{"line":68,"column":8}},{"start":{"line":68,"column":8},"end":{"line":68,"column":8}}]}}}}